{"/Users/tito/github/tampermonkey-scripts/src/pcTamperMonkey.js": {"path":"/Users/tito/github/tampermonkey-scripts/src/pcTamperMonkey.js","statementMap":{"0":{"start":{"line":3,"column":15},"end":{"line":3,"column":17}},"1":{"start":{"line":5,"column":35},"end":{"line":5,"column":74}},"2":{"start":{"line":6,"column":8},"end":{"line":15,"column":9}},"3":{"start":{"line":8,"column":12},"end":{"line":8,"column":59}},"4":{"start":{"line":10,"column":12},"end":{"line":14,"column":13}},"5":{"start":{"line":11,"column":16},"end":{"line":11,"column":63}},"6":{"start":{"line":13,"column":16},"end":{"line":13,"column":65}},"7":{"start":{"line":19,"column":31},"end":{"line":23,"column":5}},"8":{"start":{"line":20,"column":8},"end":{"line":22,"column":11}},"9":{"start":{"line":21,"column":12},"end":{"line":21,"column":65}},"10":{"start":{"line":28,"column":30},"end":{"line":53,"column":5}},"11":{"start":{"line":29,"column":20},"end":{"line":29,"column":54}},"12":{"start":{"line":30,"column":8},"end":{"line":32,"column":9}},"13":{"start":{"line":31,"column":12},"end":{"line":31,"column":19}},"14":{"start":{"line":34,"column":8},"end":{"line":50,"column":9}},"15":{"start":{"line":36,"column":12},"end":{"line":36,"column":62}},"16":{"start":{"line":37,"column":12},"end":{"line":37,"column":63}},"17":{"start":{"line":38,"column":15},"end":{"line":50,"column":9}},"18":{"start":{"line":40,"column":12},"end":{"line":40,"column":75}},"19":{"start":{"line":41,"column":12},"end":{"line":41,"column":57}},"20":{"start":{"line":42,"column":12},"end":{"line":42,"column":54}},"21":{"start":{"line":43,"column":15},"end":{"line":50,"column":9}},"22":{"start":{"line":45,"column":12},"end":{"line":45,"column":62}},"23":{"start":{"line":46,"column":12},"end":{"line":46,"column":53}},"24":{"start":{"line":49,"column":12},"end":{"line":49,"column":57}},"25":{"start":{"line":52,"column":8},"end":{"line":52,"column":30}},"26":{"start":{"line":59,"column":32},"end":{"line":70,"column":5}},"27":{"start":{"line":60,"column":20},"end":{"line":60,"column":54}},"28":{"start":{"line":61,"column":8},"end":{"line":63,"column":9}},"29":{"start":{"line":62,"column":12},"end":{"line":62,"column":19}},"30":{"start":{"line":64,"column":8},"end":{"line":64,"column":65}},"31":{"start":{"line":65,"column":8},"end":{"line":65,"column":67}},"32":{"start":{"line":66,"column":8},"end":{"line":66,"column":50}},"33":{"start":{"line":67,"column":8},"end":{"line":67,"column":27}},"34":{"start":{"line":69,"column":8},"end":{"line":69,"column":30}},"35":{"start":{"line":76,"column":31},"end":{"line":86,"column":5}},"36":{"start":{"line":77,"column":20},"end":{"line":77,"column":54}},"37":{"start":{"line":78,"column":8},"end":{"line":80,"column":9}},"38":{"start":{"line":79,"column":12},"end":{"line":79,"column":19}},"39":{"start":{"line":81,"column":8},"end":{"line":81,"column":68}},"40":{"start":{"line":82,"column":8},"end":{"line":82,"column":49}},"41":{"start":{"line":83,"column":8},"end":{"line":83,"column":28}},"42":{"start":{"line":85,"column":8},"end":{"line":85,"column":30}},"43":{"start":{"line":91,"column":31},"end":{"line":107,"column":5}},"44":{"start":{"line":92,"column":20},"end":{"line":92,"column":54}},"45":{"start":{"line":93,"column":8},"end":{"line":95,"column":9}},"46":{"start":{"line":94,"column":12},"end":{"line":94,"column":19}},"47":{"start":{"line":96,"column":8},"end":{"line":99,"column":9}},"48":{"start":{"line":98,"column":12},"end":{"line":98,"column":77}},"49":{"start":{"line":100,"column":8},"end":{"line":100,"column":28}},"50":{"start":{"line":102,"column":8},"end":{"line":102,"column":63}},"51":{"start":{"line":103,"column":8},"end":{"line":103,"column":42}},"52":{"start":{"line":104,"column":8},"end":{"line":104,"column":53}},"53":{"start":{"line":106,"column":8},"end":{"line":106,"column":30}},"54":{"start":{"line":112,"column":32},"end":{"line":117,"column":5}},"55":{"start":{"line":113,"column":20},"end":{"line":113,"column":80}},"56":{"start":{"line":114,"column":8},"end":{"line":114,"column":41}},"57":{"start":{"line":116,"column":8},"end":{"line":116,"column":30}}},"fnMap":{"0":{"name":"(anonymous_0)","decl":{"start":{"line":4,"column":4},"end":{"line":4,"column":5}},"loc":{"start":{"line":4,"column":26},"end":{"line":16,"column":5}},"line":4},"1":{"name":"(anonymous_1)","decl":{"start":{"line":19,"column":31},"end":{"line":19,"column":32}},"loc":{"start":{"line":19,"column":40},"end":{"line":23,"column":5}},"line":19},"2":{"name":"(anonymous_2)","decl":{"start":{"line":20,"column":37},"end":{"line":20,"column":38}},"loc":{"start":{"line":20,"column":44},"end":{"line":22,"column":9}},"line":20},"3":{"name":"(anonymous_3)","decl":{"start":{"line":28,"column":30},"end":{"line":28,"column":31}},"loc":{"start":{"line":28,"column":41},"end":{"line":53,"column":5}},"line":28},"4":{"name":"(anonymous_4)","decl":{"start":{"line":59,"column":32},"end":{"line":59,"column":33}},"loc":{"start":{"line":59,"column":43},"end":{"line":70,"column":5}},"line":59},"5":{"name":"(anonymous_5)","decl":{"start":{"line":76,"column":31},"end":{"line":76,"column":32}},"loc":{"start":{"line":76,"column":42},"end":{"line":86,"column":5}},"line":76},"6":{"name":"(anonymous_6)","decl":{"start":{"line":91,"column":31},"end":{"line":91,"column":32}},"loc":{"start":{"line":91,"column":42},"end":{"line":107,"column":5}},"line":91},"7":{"name":"(anonymous_7)","decl":{"start":{"line":112,"column":32},"end":{"line":112,"column":33}},"loc":{"start":{"line":112,"column":43},"end":{"line":117,"column":5}},"line":112}},"branchMap":{"0":{"loc":{"start":{"line":6,"column":8},"end":{"line":15,"column":9}},"type":"if","locations":[{"start":{"line":6,"column":8},"end":{"line":15,"column":9}},{"start":{"line":9,"column":15},"end":{"line":15,"column":9}}],"line":6},"1":{"loc":{"start":{"line":10,"column":12},"end":{"line":14,"column":13}},"type":"if","locations":[{"start":{"line":10,"column":12},"end":{"line":14,"column":13}},{"start":{"line":12,"column":19},"end":{"line":14,"column":13}}],"line":10},"2":{"loc":{"start":{"line":30,"column":8},"end":{"line":32,"column":9}},"type":"if","locations":[{"start":{"line":30,"column":8},"end":{"line":32,"column":9}},{"start":{},"end":{}}],"line":30},"3":{"loc":{"start":{"line":34,"column":8},"end":{"line":50,"column":9}},"type":"if","locations":[{"start":{"line":34,"column":8},"end":{"line":50,"column":9}},{"start":{"line":38,"column":15},"end":{"line":50,"column":9}}],"line":34},"4":{"loc":{"start":{"line":34,"column":12},"end":{"line":34,"column":64}},"type":"binary-expr","locations":[{"start":{"line":34,"column":12},"end":{"line":34,"column":36}},{"start":{"line":34,"column":40},"end":{"line":34,"column":64}}],"line":34},"5":{"loc":{"start":{"line":38,"column":15},"end":{"line":50,"column":9}},"type":"if","locations":[{"start":{"line":38,"column":15},"end":{"line":50,"column":9}},{"start":{"line":43,"column":15},"end":{"line":50,"column":9}}],"line":38},"6":{"loc":{"start":{"line":38,"column":19},"end":{"line":38,"column":71}},"type":"binary-expr","locations":[{"start":{"line":38,"column":19},"end":{"line":38,"column":43}},{"start":{"line":38,"column":47},"end":{"line":38,"column":71}}],"line":38},"7":{"loc":{"start":{"line":43,"column":15},"end":{"line":50,"column":9}},"type":"if","locations":[{"start":{"line":43,"column":15},"end":{"line":50,"column":9}},{"start":{"line":47,"column":15},"end":{"line":50,"column":9}}],"line":43},"8":{"loc":{"start":{"line":61,"column":8},"end":{"line":63,"column":9}},"type":"if","locations":[{"start":{"line":61,"column":8},"end":{"line":63,"column":9}},{"start":{},"end":{}}],"line":61},"9":{"loc":{"start":{"line":78,"column":8},"end":{"line":80,"column":9}},"type":"if","locations":[{"start":{"line":78,"column":8},"end":{"line":80,"column":9}},{"start":{},"end":{}}],"line":78},"10":{"loc":{"start":{"line":93,"column":8},"end":{"line":95,"column":9}},"type":"if","locations":[{"start":{"line":93,"column":8},"end":{"line":95,"column":9}},{"start":{},"end":{}}],"line":93},"11":{"loc":{"start":{"line":96,"column":8},"end":{"line":99,"column":9}},"type":"if","locations":[{"start":{"line":96,"column":8},"end":{"line":99,"column":9}},{"start":{},"end":{}}],"line":96},"12":{"loc":{"start":{"line":96,"column":11},"end":{"line":96,"column":61}},"type":"binary-expr","locations":[{"start":{"line":96,"column":11},"end":{"line":96,"column":34}},{"start":{"line":96,"column":38},"end":{"line":96,"column":61}}],"line":96}},"s":{"0":8,"1":8,"2":8,"3":6,"4":2,"5":1,"6":1,"7":1,"8":3,"9":15,"10":8,"11":7,"12":7,"13":1,"14":6,"15":2,"16":2,"17":4,"18":2,"19":2,"20":2,"21":2,"22":1,"23":1,"24":1,"25":5,"26":8,"27":3,"28":3,"29":1,"30":2,"31":2,"32":2,"33":2,"34":2,"35":8,"36":2,"37":2,"38":1,"39":1,"40":1,"41":1,"42":1,"43":8,"44":5,"45":5,"46":1,"47":4,"48":3,"49":4,"50":4,"51":4,"52":4,"53":4,"54":8,"55":1,"56":1,"57":1},"f":{"0":8,"1":3,"2":15,"3":7,"4":3,"5":2,"6":5,"7":1},"b":{"0":[6,2],"1":[1,1],"2":[1,6],"3":[2,4],"4":[6,5],"5":[2,2],"6":[4,3],"7":[1,1],"8":[1,2],"9":[1,1],"10":[1,4],"11":[3,1],"12":[4,1]},"_coverageSchema":"1a1c01bbd47fc00a2c39e90264f33305004495a9","hash":"a84acc62bb503d87100ff28492a0c4c3f207c0ae"}
}
