TN:
SF:src/pcTamperMonkey.js
FN:4,(anonymous_0)
FN:19,(anonymous_1)
FN:20,(anonymous_2)
FN:28,(anonymous_3)
FN:59,(anonymous_4)
FN:76,(anonymous_5)
FN:91,(anonymous_6)
FN:105,(anonymous_7)
FN:119,(anonymous_8)
FN:140,(anonymous_9)
FN:153,(anonymous_10)
FNF:11
FNH:11
FNDA:11,(anonymous_0)
FNDA:3,(anonymous_1)
FNDA:15,(anonymous_2)
FNDA:7,(anonymous_3)
FNDA:3,(anonymous_4)
FNDA:2,(anonymous_5)
FNDA:2,(anonymous_6)
FNDA:2,(anonymous_7)
FNDA:5,(anonymous_8)
FNDA:2,(anonymous_9)
FNDA:2,(anonymous_10)
DA:3,11
DA:5,11
DA:6,11
DA:8,9
DA:10,2
DA:11,1
DA:13,1
DA:19,1
DA:20,3
DA:21,15
DA:28,11
DA:29,7
DA:30,7
DA:31,1
DA:34,6
DA:36,2
DA:37,2
DA:38,4
DA:40,2
DA:41,2
DA:42,2
DA:43,2
DA:45,1
DA:46,1
DA:49,1
DA:52,5
DA:59,11
DA:60,3
DA:61,3
DA:62,1
DA:64,2
DA:65,2
DA:66,2
DA:67,2
DA:69,2
DA:76,11
DA:77,2
DA:78,2
DA:79,1
DA:81,1
DA:82,1
DA:83,1
DA:85,1
DA:91,11
DA:92,2
DA:93,2
DA:94,1
DA:96,1
DA:97,1
DA:98,1
DA:100,1
DA:105,11
DA:106,2
DA:107,2
DA:108,1
DA:110,1
DA:111,1
DA:113,1
DA:119,11
DA:120,5
DA:121,5
DA:122,1
DA:124,4
DA:126,3
DA:128,4
DA:130,4
DA:131,4
DA:132,4
DA:134,4
DA:140,11
DA:141,2
DA:142,2
DA:143,1
DA:145,1
DA:147,1
DA:153,11
DA:154,2
DA:155,2
DA:156,1
DA:158,1
DA:160,1
LF:81
LH:81
BRDA:6,0,0,9
BRDA:6,0,1,2
BRDA:10,1,0,1
BRDA:10,1,1,1
BRDA:30,2,0,1
BRDA:30,2,1,6
BRDA:34,3,0,2
BRDA:34,3,1,4
BRDA:34,4,0,6
BRDA:34,4,1,5
BRDA:38,5,0,2
BRDA:38,5,1,2
BRDA:38,6,0,4
BRDA:38,6,1,3
BRDA:43,7,0,1
BRDA:43,7,1,1
BRDA:61,8,0,1
BRDA:61,8,1,2
BRDA:78,9,0,1
BRDA:78,9,1,1
BRDA:93,10,0,1
BRDA:93,10,1,1
BRDA:107,11,0,1
BRDA:107,11,1,1
BRDA:121,12,0,1
BRDA:121,12,1,4
BRDA:124,13,0,3
BRDA:124,13,1,1
BRDA:124,14,0,4
BRDA:124,14,1,1
BRDA:142,15,0,1
BRDA:142,15,1,1
BRDA:155,16,0,1
BRDA:155,16,1,1
BRF:34
BRH:34
end_of_record
