TN:
SF:src/pcTamperMonkey.js
FN:4,(anonymous_0)
FN:19,(anonymous_1)
FN:20,(anonymous_2)
FN:28,(anonymous_3)
FN:59,(anonymous_4)
FN:76,(anonymous_5)
FN:91,(anonymous_6)
FN:112,(anonymous_7)
FNF:8
FNH:8
FNDA:8,(anonymous_0)
FNDA:3,(anonymous_1)
FNDA:15,(anonymous_2)
FNDA:7,(anonymous_3)
FNDA:3,(anonymous_4)
FNDA:2,(anonymous_5)
FNDA:5,(anonymous_6)
FNDA:1,(anonymous_7)
DA:3,8
DA:5,8
DA:6,8
DA:8,6
DA:10,2
DA:11,1
DA:13,1
DA:19,1
DA:20,3
DA:21,15
DA:28,8
DA:29,7
DA:30,7
DA:31,1
DA:34,6
DA:36,2
DA:37,2
DA:38,4
DA:40,2
DA:41,2
DA:42,2
DA:43,2
DA:45,1
DA:46,1
DA:49,1
DA:52,5
DA:59,8
DA:60,3
DA:61,3
DA:62,1
DA:64,2
DA:65,2
DA:66,2
DA:67,2
DA:69,2
DA:76,8
DA:77,2
DA:78,2
DA:79,1
DA:81,1
DA:82,1
DA:83,1
DA:85,1
DA:91,8
DA:92,5
DA:93,5
DA:94,1
DA:96,4
DA:98,3
DA:100,4
DA:102,4
DA:103,4
DA:104,4
DA:106,4
DA:112,8
DA:113,1
DA:114,1
DA:116,1
LF:58
LH:58
BRDA:6,0,0,6
BRDA:6,0,1,2
BRDA:10,1,0,1
BRDA:10,1,1,1
BRDA:30,2,0,1
BRDA:30,2,1,6
BRDA:34,3,0,2
BRDA:34,3,1,4
BRDA:34,4,0,6
BRDA:34,4,1,5
BRDA:38,5,0,2
BRDA:38,5,1,2
BRDA:38,6,0,4
BRDA:38,6,1,3
BRDA:43,7,0,1
BRDA:43,7,1,1
BRDA:61,8,0,1
BRDA:61,8,1,2
BRDA:78,9,0,1
BRDA:78,9,1,1
BRDA:93,10,0,1
BRDA:93,10,1,4
BRDA:96,11,0,3
BRDA:96,11,1,1
BRDA:96,12,0,4
BRDA:96,12,1,1
BRF:26
BRH:26
end_of_record
